2025-02-20 18:07:53,903 [Worker-3: Loading available Gradle versions] INFO  o.e.b.c.i.u.g.PublishedGradleVersions - Gradle version information cache is not available. Remote download required.
2025-02-20 18:10:27,775 [Worker-5: Launching mavenrun-ca6bb813-5007-4186-998a-4eda06f8b012] INFO  o.eclipse.m2e.core.internal.Bundles - getClasspathEntries(Bundle=org.eclipse.m2e.maven.runtime_3.9.900.20240824-1409 [638])
2025-02-20 18:10:27,778 [Worker-5: Launching mavenrun-ca6bb813-5007-4186-998a-4eda06f8b012] INFO  o.eclipse.m2e.core.internal.Bundles - 	Entry: C:\Users\HP\.p2\pool\plugins\org.eclipse.m2e.maven.runtime_3.9.900.20240824-1409
2025-02-20 18:10:27,778 [Worker-5: Launching mavenrun-ca6bb813-5007-4186-998a-4eda06f8b012] INFO  o.eclipse.m2e.core.internal.Bundles - 	Entry: C:\Users\HP\.p2\pool\plugins\org.eclipse.m2e.maven.runtime_3.9.900.20240824-1409\jars\aopalliance-1.0.jar
2025-02-20 18:10:27,781 [Worker-5: Launching mavenrun-ca6bb813-5007-4186-998a-4eda06f8b012] INFO  o.eclipse.m2e.core.internal.Bundles - 	Entry: C:\Users\HP\.p2\pool\plugins\org.eclipse.m2e.maven.runtime_3.9.900.20240824-1409\jars\guice-5.1.0.jar
2025-02-20 18:10:27,781 [Worker-5: Launching mavenrun-ca6bb813-5007-4186-998a-4eda06f8b012] INFO  o.eclipse.m2e.core.internal.Bundles - 	Entry: C:\Users\HP\.p2\pool\plugins\org.eclipse.m2e.maven.runtime_3.9.900.20240824-1409\jars\httpclient-4.5.14.jar
2025-02-20 18:10:27,781 [Worker-5: Launching mavenrun-ca6bb813-5007-4186-998a-4eda06f8b012] INFO  o.eclipse.m2e.core.internal.Bundles - 	Entry: C:\Users\HP\.p2\pool\plugins\org.eclipse.m2e.maven.runtime_3.9.900.20240824-1409\jars\httpcore-4.4.16.jar
2025-02-20 18:10:27,781 [Worker-5: Launching mavenrun-ca6bb813-5007-4186-998a-4eda06f8b012] INFO  o.eclipse.m2e.core.internal.Bundles - 	Entry: C:\Users\HP\.p2\pool\plugins\org.eclipse.m2e.maven.runtime_3.9.900.20240824-1409\jars\jansi-2.4.1.jar
2025-02-20 18:10:27,781 [Worker-5: Launching mavenrun-ca6bb813-5007-4186-998a-4eda06f8b012] INFO  o.eclipse.m2e.core.internal.Bundles - 	Entry: C:\Users\HP\.p2\pool\plugins\org.eclipse.m2e.maven.runtime_3.9.900.20240824-1409\jars\jcl-over-slf4j-1.7.36.jar
2025-02-20 18:10:27,783 [Worker-5: Launching mavenrun-ca6bb813-5007-4186-998a-4eda06f8b012] INFO  o.eclipse.m2e.core.internal.Bundles - 	Entry: C:\Users\HP\.p2\pool\plugins\org.eclipse.m2e.maven.runtime_3.9.900.20240824-1409\jars\maven-artifact-3.9.9.jar
2025-02-20 18:10:27,784 [Worker-5: Launching mavenrun-ca6bb813-5007-4186-998a-4eda06f8b012] INFO  o.eclipse.m2e.core.internal.Bundles - 	Entry: C:\Users\HP\.p2\pool\plugins\org.eclipse.m2e.maven.runtime_3.9.900.20240824-1409\jars\maven-builder-support-3.9.9.jar
2025-02-20 18:10:27,785 [Worker-5: Launching mavenrun-ca6bb813-5007-4186-998a-4eda06f8b012] INFO  o.eclipse.m2e.core.internal.Bundles - 	Entry: C:\Users\HP\.p2\pool\plugins\org.eclipse.m2e.maven.runtime_3.9.900.20240824-1409\jars\maven-compat-3.9.9.jar
2025-02-20 18:10:27,785 [Worker-5: Launching mavenrun-ca6bb813-5007-4186-998a-4eda06f8b012] INFO  o.eclipse.m2e.core.internal.Bundles - 	Entry: C:\Users\HP\.p2\pool\plugins\org.eclipse.m2e.maven.runtime_3.9.900.20240824-1409\jars\maven-core-3.9.9.jar
2025-02-20 18:10:27,785 [Worker-5: Launching mavenrun-ca6bb813-5007-4186-998a-4eda06f8b012] INFO  o.eclipse.m2e.core.internal.Bundles - 	Entry: C:\Users\HP\.p2\pool\plugins\org.eclipse.m2e.maven.runtime_3.9.900.20240824-1409\jars\maven-embedder-3.9.9.jar
2025-02-20 18:10:27,785 [Worker-5: Launching mavenrun-ca6bb813-5007-4186-998a-4eda06f8b012] INFO  o.eclipse.m2e.core.internal.Bundles - 	Entry: C:\Users\HP\.p2\pool\plugins\org.eclipse.m2e.maven.runtime_3.9.900.20240824-1409\jars\maven-model-3.9.9.jar
2025-02-20 18:10:27,785 [Worker-5: Launching mavenrun-ca6bb813-5007-4186-998a-4eda06f8b012] INFO  o.eclipse.m2e.core.internal.Bundles - 	Entry: C:\Users\HP\.p2\pool\plugins\org.eclipse.m2e.maven.runtime_3.9.900.20240824-1409\jars\maven-model-builder-3.9.9.jar
2025-02-20 18:10:27,786 [Worker-5: Launching mavenrun-ca6bb813-5007-4186-998a-4eda06f8b012] INFO  o.eclipse.m2e.core.internal.Bundles - 	Entry: C:\Users\HP\.p2\pool\plugins\org.eclipse.m2e.maven.runtime_3.9.900.20240824-1409\jars\maven-plugin-api-3.9.9.jar
2025-02-20 18:10:27,786 [Worker-5: Launching mavenrun-ca6bb813-5007-4186-998a-4eda06f8b012] INFO  o.eclipse.m2e.core.internal.Bundles - 	Entry: C:\Users\HP\.p2\pool\plugins\org.eclipse.m2e.maven.runtime_3.9.900.20240824-1409\jars\maven-repository-metadata-3.9.9.jar
2025-02-20 18:10:27,786 [Worker-5: Launching mavenrun-ca6bb813-5007-4186-998a-4eda06f8b012] INFO  o.eclipse.m2e.core.internal.Bundles - 	Entry: C:\Users\HP\.p2\pool\plugins\org.eclipse.m2e.maven.runtime_3.9.900.20240824-1409\jars\maven-resolver-api-1.9.22.jar
2025-02-20 18:10:27,786 [Worker-5: Launching mavenrun-ca6bb813-5007-4186-998a-4eda06f8b012] INFO  o.eclipse.m2e.core.internal.Bundles - 	Entry: C:\Users\HP\.p2\pool\plugins\org.eclipse.m2e.maven.runtime_3.9.900.20240824-1409\jars\maven-resolver-connector-basic-1.9.22.jar
2025-02-20 18:10:27,786 [Worker-5: Launching mavenrun-ca6bb813-5007-4186-998a-4eda06f8b012] INFO  o.eclipse.m2e.core.internal.Bundles - 	Entry: C:\Users\HP\.p2\pool\plugins\org.eclipse.m2e.maven.runtime_3.9.900.20240824-1409\jars\maven-resolver-impl-1.9.22.jar
2025-02-20 18:10:27,786 [Worker-5: Launching mavenrun-ca6bb813-5007-4186-998a-4eda06f8b012] INFO  o.eclipse.m2e.core.internal.Bundles - 	Entry: C:\Users\HP\.p2\pool\plugins\org.eclipse.m2e.maven.runtime_3.9.900.20240824-1409\jars\maven-resolver-named-locks-1.9.22.jar
2025-02-20 18:10:27,787 [Worker-5: Launching mavenrun-ca6bb813-5007-4186-998a-4eda06f8b012] INFO  o.eclipse.m2e.core.internal.Bundles - 	Entry: C:\Users\HP\.p2\pool\plugins\org.eclipse.m2e.maven.runtime_3.9.900.20240824-1409\jars\maven-resolver-provider-3.9.9.jar
2025-02-20 18:10:27,787 [Worker-5: Launching mavenrun-ca6bb813-5007-4186-998a-4eda06f8b012] INFO  o.eclipse.m2e.core.internal.Bundles - 	Entry: C:\Users\HP\.p2\pool\plugins\org.eclipse.m2e.maven.runtime_3.9.900.20240824-1409\jars\maven-resolver-spi-1.9.22.jar
2025-02-20 18:10:27,787 [Worker-5: Launching mavenrun-ca6bb813-5007-4186-998a-4eda06f8b012] INFO  o.eclipse.m2e.core.internal.Bundles - 	Entry: C:\Users\HP\.p2\pool\plugins\org.eclipse.m2e.maven.runtime_3.9.900.20240824-1409\jars\maven-resolver-transport-file-1.9.22.jar
2025-02-20 18:10:27,787 [Worker-5: Launching mavenrun-ca6bb813-5007-4186-998a-4eda06f8b012] INFO  o.eclipse.m2e.core.internal.Bundles - 	Entry: C:\Users\HP\.p2\pool\plugins\org.eclipse.m2e.maven.runtime_3.9.900.20240824-1409\jars\maven-resolver-transport-http-1.9.22.jar
2025-02-20 18:10:27,787 [Worker-5: Launching mavenrun-ca6bb813-5007-4186-998a-4eda06f8b012] INFO  o.eclipse.m2e.core.internal.Bundles - 	Entry: C:\Users\HP\.p2\pool\plugins\org.eclipse.m2e.maven.runtime_3.9.900.20240824-1409\jars\maven-resolver-transport-wagon-1.9.22.jar
2025-02-20 18:10:27,787 [Worker-5: Launching mavenrun-ca6bb813-5007-4186-998a-4eda06f8b012] INFO  o.eclipse.m2e.core.internal.Bundles - 	Entry: C:\Users\HP\.p2\pool\plugins\org.eclipse.m2e.maven.runtime_3.9.900.20240824-1409\jars\maven-resolver-util-1.9.22.jar
2025-02-20 18:10:27,787 [Worker-5: Launching mavenrun-ca6bb813-5007-4186-998a-4eda06f8b012] INFO  o.eclipse.m2e.core.internal.Bundles - 	Entry: C:\Users\HP\.p2\pool\plugins\org.eclipse.m2e.maven.runtime_3.9.900.20240824-1409\jars\maven-settings-3.9.9.jar
2025-02-20 18:10:27,787 [Worker-5: Launching mavenrun-ca6bb813-5007-4186-998a-4eda06f8b012] INFO  o.eclipse.m2e.core.internal.Bundles - 	Entry: C:\Users\HP\.p2\pool\plugins\org.eclipse.m2e.maven.runtime_3.9.900.20240824-1409\jars\maven-settings-builder-3.9.9.jar
2025-02-20 18:10:27,788 [Worker-5: Launching mavenrun-ca6bb813-5007-4186-998a-4eda06f8b012] INFO  o.eclipse.m2e.core.internal.Bundles - 	Entry: C:\Users\HP\.p2\pool\plugins\org.eclipse.m2e.maven.runtime_3.9.900.20240824-1409\jars\maven-shared-utils-3.4.2.jar
2025-02-20 18:10:27,788 [Worker-5: Launching mavenrun-ca6bb813-5007-4186-998a-4eda06f8b012] INFO  o.eclipse.m2e.core.internal.Bundles - 	Entry: C:\Users\HP\.p2\pool\plugins\org.eclipse.m2e.maven.runtime_3.9.900.20240824-1409\jars\org.eclipse.sisu.inject-0.9.0.M3.jar
2025-02-20 18:10:27,788 [Worker-5: Launching mavenrun-ca6bb813-5007-4186-998a-4eda06f8b012] INFO  o.eclipse.m2e.core.internal.Bundles - 	Entry: C:\Users\HP\.p2\pool\plugins\org.eclipse.m2e.maven.runtime_3.9.900.20240824-1409\jars\org.eclipse.sisu.plexus-0.9.0.M3.jar
2025-02-20 18:10:27,788 [Worker-5: Launching mavenrun-ca6bb813-5007-4186-998a-4eda06f8b012] INFO  o.eclipse.m2e.core.internal.Bundles - 	Entry: C:\Users\HP\.p2\pool\plugins\org.eclipse.m2e.maven.runtime_3.9.900.20240824-1409\jars\plexus-build-api-0.0.7.jar
2025-02-20 18:10:27,788 [Worker-5: Launching mavenrun-ca6bb813-5007-4186-998a-4eda06f8b012] INFO  o.eclipse.m2e.core.internal.Bundles - 	Entry: C:\Users\HP\.p2\pool\plugins\org.eclipse.m2e.maven.runtime_3.9.900.20240824-1409\jars\plexus-build-api-1.2.0.jar
2025-02-20 18:10:27,788 [Worker-5: Launching mavenrun-ca6bb813-5007-4186-998a-4eda06f8b012] INFO  o.eclipse.m2e.core.internal.Bundles - 	Entry: C:\Users\HP\.p2\pool\plugins\org.eclipse.m2e.maven.runtime_3.9.900.20240824-1409\jars\plexus-cipher-2.0.jar
2025-02-20 18:10:27,788 [Worker-5: Launching mavenrun-ca6bb813-5007-4186-998a-4eda06f8b012] INFO  o.eclipse.m2e.core.internal.Bundles - 	Entry: C:\Users\HP\.p2\pool\plugins\org.eclipse.m2e.maven.runtime_3.9.900.20240824-1409\jars\plexus-classworlds-2.8.0.jar
2025-02-20 18:10:27,789 [Worker-5: Launching mavenrun-ca6bb813-5007-4186-998a-4eda06f8b012] INFO  o.eclipse.m2e.core.internal.Bundles - 	Entry: C:\Users\HP\.p2\pool\plugins\org.eclipse.m2e.maven.runtime_3.9.900.20240824-1409\jars\plexus-component-annotations-2.1.0.jar
2025-02-20 18:10:27,789 [Worker-5: Launching mavenrun-ca6bb813-5007-4186-998a-4eda06f8b012] INFO  o.eclipse.m2e.core.internal.Bundles - 	Entry: C:\Users\HP\.p2\pool\plugins\org.eclipse.m2e.maven.runtime_3.9.900.20240824-1409\jars\plexus-interpolation-1.27.jar
2025-02-20 18:10:27,789 [Worker-5: Launching mavenrun-ca6bb813-5007-4186-998a-4eda06f8b012] INFO  o.eclipse.m2e.core.internal.Bundles - 	Entry: C:\Users\HP\.p2\pool\plugins\org.eclipse.m2e.maven.runtime_3.9.900.20240824-1409\jars\plexus-sec-dispatcher-2.0.jar
2025-02-20 18:10:27,789 [Worker-5: Launching mavenrun-ca6bb813-5007-4186-998a-4eda06f8b012] INFO  o.eclipse.m2e.core.internal.Bundles - 	Entry: C:\Users\HP\.p2\pool\plugins\org.eclipse.m2e.maven.runtime_3.9.900.20240824-1409\jars\plexus-utils-3.5.1.jar
2025-02-20 18:10:27,789 [Worker-5: Launching mavenrun-ca6bb813-5007-4186-998a-4eda06f8b012] INFO  o.eclipse.m2e.core.internal.Bundles - 	Entry: C:\Users\HP\.p2\pool\plugins\org.eclipse.m2e.maven.runtime_3.9.900.20240824-1409\jars\plexus-xml-3.0.1.jar
2025-02-20 18:10:27,789 [Worker-5: Launching mavenrun-ca6bb813-5007-4186-998a-4eda06f8b012] INFO  o.eclipse.m2e.core.internal.Bundles - 	Entry: C:\Users\HP\.p2\pool\plugins\org.eclipse.m2e.maven.runtime_3.9.900.20240824-1409\jars\wagon-file-3.5.3.jar
2025-02-20 18:10:27,790 [Worker-5: Launching mavenrun-ca6bb813-5007-4186-998a-4eda06f8b012] INFO  o.eclipse.m2e.core.internal.Bundles - 	Entry: C:\Users\HP\.p2\pool\plugins\org.eclipse.m2e.maven.runtime_3.9.900.20240824-1409\jars\wagon-http-3.5.3.jar
2025-02-20 18:10:27,790 [Worker-5: Launching mavenrun-ca6bb813-5007-4186-998a-4eda06f8b012] INFO  o.eclipse.m2e.core.internal.Bundles - 	Entry: C:\Users\HP\.p2\pool\plugins\org.eclipse.m2e.maven.runtime_3.9.900.20240824-1409\jars\wagon-http-shared-3.5.3.jar
2025-02-20 18:10:27,790 [Worker-5: Launching mavenrun-ca6bb813-5007-4186-998a-4eda06f8b012] INFO  o.eclipse.m2e.core.internal.Bundles - 	Entry: C:\Users\HP\.p2\pool\plugins\org.eclipse.m2e.maven.runtime_3.9.900.20240824-1409\jars\wagon-provider-api-3.5.3.jar
2025-02-20 18:10:27,791 [Worker-5: Launching mavenrun-ca6bb813-5007-4186-998a-4eda06f8b012] INFO  o.eclipse.m2e.core.internal.Bundles - getClasspathEntries(Bundle=com.google.guava_33.3.1.jre [16])
2025-02-20 18:10:27,792 [Worker-5: Launching mavenrun-ca6bb813-5007-4186-998a-4eda06f8b012] INFO  o.eclipse.m2e.core.internal.Bundles - 	Entry: C:\Users\HP\.p2\pool\plugins\com.google.guava_33.3.1.jre.jar
2025-02-20 18:10:27,792 [Worker-5: Launching mavenrun-ca6bb813-5007-4186-998a-4eda06f8b012] INFO  o.eclipse.m2e.core.internal.Bundles - getClasspathEntries(Bundle=slf4j.api_2.0.16 [1005])
2025-02-20 18:10:27,792 [Worker-5: Launching mavenrun-ca6bb813-5007-4186-998a-4eda06f8b012] INFO  o.eclipse.m2e.core.internal.Bundles - 	Entry: C:\Users\HP\.p2\pool\plugins\slf4j.api_2.0.16.jar
2025-02-20 18:10:27,792 [Worker-5: Launching mavenrun-ca6bb813-5007-4186-998a-4eda06f8b012] INFO  o.eclipse.m2e.core.internal.Bundles - getClasspathEntries(Bundle=jakarta.inject.jakarta.inject-api_1.0.5 [34])
2025-02-20 18:10:27,792 [Worker-5: Launching mavenrun-ca6bb813-5007-4186-998a-4eda06f8b012] INFO  o.eclipse.m2e.core.internal.Bundles - 	Entry: C:\Users\HP\.p2\pool\plugins\jakarta.inject.jakarta.inject-api_1.0.5.jar
2025-02-20 18:10:27,792 [Worker-5: Launching mavenrun-ca6bb813-5007-4186-998a-4eda06f8b012] INFO  o.eclipse.m2e.core.internal.Bundles - getClasspathEntries(Bundle=jakarta.annotation-api_1.3.5 [29])
2025-02-20 18:10:27,793 [Worker-5: Launching mavenrun-ca6bb813-5007-4186-998a-4eda06f8b012] INFO  o.eclipse.m2e.core.internal.Bundles - 	Entry: C:\Users\HP\.p2\pool\plugins\jakarta.annotation-api_1.3.5.jar
2025-02-20 18:10:27,793 [Worker-5: Launching mavenrun-ca6bb813-5007-4186-998a-4eda06f8b012] INFO  o.eclipse.m2e.core.internal.Bundles - getClasspathEntries(Bundle=org.apache.commons.cli_1.9.0 [75])
2025-02-20 18:10:27,793 [Worker-5: Launching mavenrun-ca6bb813-5007-4186-998a-4eda06f8b012] INFO  o.eclipse.m2e.core.internal.Bundles - 	Entry: C:\Users\HP\.p2\pool\plugins\org.apache.commons.cli_1.9.0.jar
2025-02-20 18:10:27,793 [Worker-5: Launching mavenrun-ca6bb813-5007-4186-998a-4eda06f8b012] INFO  o.eclipse.m2e.core.internal.Bundles - getClasspathEntries(Bundle=org.apache.commons.commons-codec_1.16.0 [78])
2025-02-20 18:10:27,794 [Worker-5: Launching mavenrun-ca6bb813-5007-4186-998a-4eda06f8b012] INFO  o.eclipse.m2e.core.internal.Bundles - 	Entry: C:\Users\HP\.p2\pool\plugins\org.apache.commons.commons-codec_1.16.0.jar
2025-02-20 18:10:27,794 [Worker-5: Launching mavenrun-ca6bb813-5007-4186-998a-4eda06f8b012] INFO  o.eclipse.m2e.core.internal.Bundles - getClasspathEntries(Bundle=com.google.guava.failureaccess_1.0.2 [17])
2025-02-20 18:10:27,794 [Worker-5: Launching mavenrun-ca6bb813-5007-4186-998a-4eda06f8b012] INFO  o.eclipse.m2e.core.internal.Bundles - 	Entry: C:\Users\HP\.p2\pool\plugins\com.google.guava.failureaccess_1.0.2.jar
2025-02-20 18:10:27,798 [Worker-5: Launching mavenrun-ca6bb813-5007-4186-998a-4eda06f8b012] INFO  o.e.m.i.launch.MavenLaunchDelegate - Run build in "C:\Users\HP\AppData\Local\Temp\m2e-archetypeGenerator12157041656249708713":
2025-02-20 18:10:27,803 [Worker-5: Launching mavenrun-ca6bb813-5007-4186-998a-4eda06f8b012] INFO  o.e.m.i.launch.MavenLaunchDelegate -  mvn  -DarchetypeGroupId=org.apache.maven.archetypes -DarchetypeArtifactId=maven-archetype-quickstart -DarchetypeVersion=1.1 -DgroupId=com.practice -DartifactId=first -Dversion=0.0.1-SNAPSHOT -Dpackage=com.practice.first -DoutputDirectory=D:\Practice -Dstyle.color=always -U archetype:generate
2025-02-20 18:10:45,239 [Worker-7: Creating maven-archetype-quickstart] INFO  o.e.m.c.i.p.ProjectConfigurationManager - Collecting project info '/pom.xml' D:\Practice\first\pom.xml
2025-02-20 18:10:45,822 [Worker-7: Creating maven-archetype-quickstart] INFO  o.e.m.c.i.e.AbstractTransferListenerAdapter - Downloading https://repo.maven.apache.org/maven2/org/apache/maven/plugins/maven-jar-plugin/3.4.1/maven-jar-plugin-3.4.1.jar
2025-02-20 18:10:45,841 [Worker-7: Creating maven-archetype-quickstart] INFO  o.e.m.c.i.e.AbstractTransferListenerAdapter - Downloaded https://repo.maven.apache.org/maven2/org/apache/maven/plugins/maven-jar-plugin/3.4.1/maven-jar-plugin-3.4.1.jar
2025-02-20 18:10:46,441 [Worker-7: Creating maven-archetype-quickstart] INFO  o.e.m.c.i.l.LifecycleMappingFactory - Using org.eclipse.m2e.jdt.JarLifecycleMapping lifecycle mapping for MavenProject: com.practice:first:0.0.1-SNAPSHOT @ D:\Practice\first\pom.xml.
2025-02-20 18:10:46,809 [Worker-7: Creating maven-archetype-quickstart] INFO  o.e.m.c.i.e.AbstractTransferListenerAdapter - Downloading https://repo.maven.apache.org/maven2/org/apache/maven/plugins/maven-jar-plugin/3.4.1/maven-jar-plugin-3.4.1.pom
2025-02-20 18:10:46,819 [Worker-7: Creating maven-archetype-quickstart] INFO  o.e.m.c.i.e.AbstractTransferListenerAdapter - Downloaded https://repo.maven.apache.org/maven2/org/apache/maven/plugins/maven-jar-plugin/3.4.1/maven-jar-plugin-3.4.1.pom
2025-02-20 18:10:48,292 [Worker-7: Creating maven-archetype-quickstart] INFO  o.e.m.j.i.AbstractJavaProjectConfigurator - Adding source folder /first/src/main/java
2025-02-20 18:10:48,294 [Worker-7: Creating maven-archetype-quickstart] INFO  o.e.m.j.i.AbstractJavaProjectConfigurator - Adding resource folder /first/src/main/resources
2025-02-20 18:10:48,315 [Worker-7: Creating maven-archetype-quickstart] INFO  o.e.m.j.i.AbstractJavaProjectConfigurator - Adding source folder /first/src/test/java
2025-02-20 18:10:48,316 [Worker-7: Creating maven-archetype-quickstart] INFO  o.e.m.j.i.AbstractJavaProjectConfigurator - Adding resource folder /first/src/test/resources
2025-02-20 18:10:48,628 [Worker-7: Creating maven-archetype-quickstart] INFO  o.e.m.c.i.p.ProjectConfigurationManager - Imported and configured 1 project(s) in 3 sec
2025-02-20 18:10:50,182 [Worker-14: Building] INFO  o.a.m.s.f.DefaultMavenResourcesFiltering - skip non existing resourceDirectory D:\Practice\first\src\main\resources
2025-02-20 18:10:50,189 [Worker-14: Building] INFO  o.a.m.s.f.DefaultMavenResourcesFiltering - skip non existing resourceDirectory D:\Practice\first\src\test\resources
2025-02-20 18:12:50,266 [Worker-15: Building] INFO  o.a.m.s.f.DefaultMavenResourcesFiltering - skip non existing resourceDirectory D:\Practice\first\src\main\resources
2025-02-20 18:12:50,275 [Worker-15: Building] INFO  o.a.m.s.f.DefaultMavenResourcesFiltering - skip non existing resourceDirectory D:\Practice\first\src\test\resources
2025-02-20 18:17:34,328 [Worker-19: Building] INFO  o.a.m.s.f.DefaultMavenResourcesFiltering - skip non existing resourceDirectory D:\Practice\first\src\main\resources
2025-02-20 18:17:34,331 [Worker-19: Building] INFO  o.a.m.s.f.DefaultMavenResourcesFiltering - skip non existing resourceDirectory D:\Practice\first\src\test\resources
2025-02-20 18:18:05,347 [Worker-19: Building] INFO  o.a.m.s.f.DefaultMavenResourcesFiltering - skip non existing resourceDirectory D:\Practice\first\src\main\resources
2025-02-20 18:18:05,350 [Worker-19: Building] INFO  o.a.m.s.f.DefaultMavenResourcesFiltering - skip non existing resourceDirectory D:\Practice\first\src\test\resources
2025-02-20 18:20:23,022 [Worker-14: Building] INFO  o.a.m.s.f.DefaultMavenResourcesFiltering - skip non existing resourceDirectory D:\Practice\first\src\main\resources
2025-02-20 18:20:23,025 [Worker-14: Building] INFO  o.a.m.s.f.DefaultMavenResourcesFiltering - skip non existing resourceDirectory D:\Practice\first\src\test\resources
2025-02-20 18:25:03,393 [Worker-18: Building] INFO  o.a.m.s.f.DefaultMavenResourcesFiltering - skip non existing resourceDirectory D:\Practice\first\src\main\resources
2025-02-20 18:25:03,396 [Worker-18: Building] INFO  o.a.m.s.f.DefaultMavenResourcesFiltering - skip non existing resourceDirectory D:\Practice\first\src\test\resources
2025-02-20 18:26:14,737 [Worker-16: Building] INFO  o.a.m.s.f.DefaultMavenResourcesFiltering - skip non existing resourceDirectory D:\Practice\first\src\main\resources
2025-02-20 18:26:14,740 [Worker-16: Building] INFO  o.a.m.s.f.DefaultMavenResourcesFiltering - skip non existing resourceDirectory D:\Practice\first\src\test\resources
